  [1m[36m (32.1ms)[0m  [1mCREATE TABLE "schema_migrations" ("version" varchar(255) NOT NULL) [0m
  [1m[35m (0.2ms)[0m  select sqlite_version(*)
  [1m[36m (18.1ms)[0m  [1mCREATE UNIQUE INDEX "unique_schema_migrations" ON "schema_migrations" ("version")[0m
  [1m[35mActiveRecord::SchemaMigration Load (0.4ms)[0m  SELECT "schema_migrations".* FROM "schema_migrations"
Migrating to CreateUsers (20150226201041)
  [1m[36m (0.1ms)[0m  [1mbegin transaction[0m
  [1m[35m (2.8ms)[0m  CREATE TABLE "users" ("id" INTEGER PRIMARY KEY AUTOINCREMENT NOT NULL, "name" varchar(255), "email" varchar(255), "created_at" datetime, "updated_at" datetime) 
  [1m[36mSQL (0.3ms)[0m  [1mINSERT INTO "schema_migrations" ("version") VALUES (?)[0m  [["version", "20150226201041"]]
  [1m[35m (9.8ms)[0m  commit transaction
Migrating to CreateCats (20150226201119)
  [1m[36m (0.2ms)[0m  [1mbegin transaction[0m
  [1m[35m (0.4ms)[0m  CREATE TABLE "cats" ("id" INTEGER PRIMARY KEY AUTOINCREMENT NOT NULL, "name" varchar(255)) 
  [1m[36mSQL (0.4ms)[0m  [1mINSERT INTO "schema_migrations" ("version") VALUES (?)[0m  [["version", "20150226201119"]]
  [1m[35m (37.1ms)[0m  commit transaction
  [1m[36mActiveRecord::SchemaMigration Load (0.1ms)[0m  [1mSELECT "schema_migrations".* FROM "schema_migrations"[0m
  [1m[36mActiveRecord::SchemaMigration Load (0.2ms)[0m  [1mSELECT "schema_migrations".* FROM "schema_migrations"[0m
  [1m[35mActiveRecord::SchemaMigration Load (0.3ms)[0m  SELECT "schema_migrations".* FROM "schema_migrations"
  [1m[36mActiveRecord::SchemaMigration Load (0.2ms)[0m  [1mSELECT "schema_migrations".* FROM "schema_migrations"[0m
Migrating to CreateTodos (20150227083148)
  [1m[35m (0.1ms)[0m  begin transaction
  [1m[36m (0.7ms)[0m  [1mCREATE TABLE "todos" ("id" INTEGER PRIMARY KEY AUTOINCREMENT NOT NULL, "tasks" varchar(255), "finished" boolean, "created_at" datetime, "updated_at" datetime) [0m
  [1m[35mSQL (0.3ms)[0m  INSERT INTO "schema_migrations" ("version") VALUES (?)  [["version", "20150227083148"]]
  [1m[36m (23.6ms)[0m  [1mcommit transaction[0m
  [1m[35mActiveRecord::SchemaMigration Load (0.2ms)[0m  SELECT "schema_migrations".* FROM "schema_migrations"
  [1m[36mActiveRecord::SchemaMigration Load (0.5ms)[0m  [1mSELECT "schema_migrations".* FROM "schema_migrations"[0m
Migrating to RenameNameToUsernameInUsers (20150227084435)
  [1m[36mActiveRecord::SchemaMigration Load (0.3ms)[0m  [1mSELECT "schema_migrations".* FROM "schema_migrations"[0m
Migrating to RenameNameToUsernameInUsers (20150227084435)
  [1m[35m (1.2ms)[0m  begin transaction
  [1m[36m (51.3ms)[0m  [1mCREATE TEMPORARY TABLE "ausers" ("id" INTEGER PRIMARY KEY AUTOINCREMENT NOT NULL, "username" varchar(255), "email" varchar(255), "created_at" datetime, "updated_at" datetime) [0m
  [1m[35m (0.2ms)[0m  SELECT * FROM "users"
  [1m[36m (11.9ms)[0m  [1mDROP TABLE "users"[0m
  [1m[35m (0.3ms)[0m  CREATE TABLE "users" ("id" INTEGER PRIMARY KEY AUTOINCREMENT NOT NULL, "username" varchar(255), "email" varchar(255), "created_at" datetime, "updated_at" datetime) 
  [1m[36m (0.1ms)[0m  [1mSELECT * FROM "ausers"[0m
  [1m[35m (14.1ms)[0m  DROP TABLE "ausers"
  [1m[36mSQL (0.3ms)[0m  [1mINSERT INTO "schema_migrations" ("version") VALUES (?)[0m  [["version", "20150227084435"]]
  [1m[35m (21.8ms)[0m  commit transaction
  [1m[36mActiveRecord::SchemaMigration Load (0.2ms)[0m  [1mSELECT "schema_migrations".* FROM "schema_migrations"[0m
  [1m[36mActiveRecord::SchemaMigration Load (0.2ms)[0m  [1mSELECT "schema_migrations".* FROM "schema_migrations"[0m
Migrating to AddAgeToUsers (20150227084826)
  [1m[35m (0.1ms)[0m  begin transaction
  [1m[36m (0.5ms)[0m  [1mALTER TABLE "users" ADD "age" integer[0m
  [1m[35mSQL (0.2ms)[0m  INSERT INTO "schema_migrations" ("version") VALUES (?)  [["version", "20150227084826"]]
  [1m[36m (27.9ms)[0m  [1mcommit transaction[0m
  [1m[35mActiveRecord::SchemaMigration Load (0.2ms)[0m  SELECT "schema_migrations".* FROM "schema_migrations"
  [1m[36m (0.6ms)[0m  [1mbegin transaction[0m
  [1m[35mSQL (0.5ms)[0m  INSERT INTO "users" ("age", "created_at", "email", "updated_at", "username") VALUES (?, ?, ?, ?, ?)  [["age", 22], ["created_at", "2015-02-27 09:01:41.621670"], ["email", "alice@gmail.com"], ["updated_at", "2015-02-27 09:01:41.621670"], ["username", "Alice"]]
  [1m[36m (47.3ms)[0m  [1mcommit transaction[0m
  [1m[35mUser Load (0.4ms)[0m  SELECT "users".* FROM "users"
  [1m[36m (0.1ms)[0m  [1mbegin transaction[0m
  [1m[35mSQL (0.9ms)[0m  INSERT INTO "users" ("age", "created_at", "email", "updated_at", "username") VALUES (?, ?, ?, ?, ?)  [["age", 25], ["created_at", "2015-02-27 09:02:10.977814"], ["email", "bob@gmail.com"], ["updated_at", "2015-02-27 09:02:10.977814"], ["username", "Bob"]]
  [1m[36m (11.1ms)[0m  [1mcommit transaction[0m
  [1m[35mUser Load (0.3ms)[0m  SELECT "users".* FROM "users"
  [1m[36m (0.1ms)[0m  [1mbegin transaction[0m
  [1m[35mSQL (0.5ms)[0m  INSERT INTO "users" ("age", "created_at", "email", "updated_at", "username") VALUES (?, ?, ?, ?, ?)  [["age", 20], ["created_at", "2015-02-27 09:02:52.270366"], ["email", "cynthia@gmail.com"], ["updated_at", "2015-02-27 09:02:52.270366"], ["username", "Cynthia"]]
  [1m[36m (65.6ms)[0m  [1mcommit transaction[0m
  [1m[35mUser Load (0.3ms)[0m  SELECT "users".* FROM "users"


Started GET "/" for 10.0.2.2 at 2015-02-27 09:03:22 +0000
  [1m[36mActiveRecord::SchemaMigration Load (0.3ms)[0m  [1mSELECT "schema_migrations".* FROM "schema_migrations"[0m
Processing by PagesController#home as HTML
  [1m[35mUser Load (0.4ms)[0m  SELECT "users".* FROM "users"
  Rendered pages/home.html.erb within layouts/application (20.6ms)
Completed 200 OK in 1569ms (Views: 1501.8ms | ActiveRecord: 1.2ms)


Started GET "/assets/jquery-5c8e9a5f2706a5ae36c57c9b8b1693b8.js?body=1" for 10.0.2.2 at 2015-02-27 09:03:24 +0000


Started GET "/assets/application-5266d2988799ecc8fe6e81eaab412e7d.css?body=1" for 10.0.2.2 at 2015-02-27 09:03:24 +0000


Started GET "/assets/jquery_ujs-8163409ac89d9587bb33a62f6f74d283.js?body=1" for 10.0.2.2 at 2015-02-27 09:03:24 +0000


Started GET "/assets/turbolinks-f87b3583ca50adb0488b031297f5580d.js?body=1" for 10.0.2.2 at 2015-02-27 09:03:25 +0000


Started GET "/assets/application-b7ab46af60a4c6c2403bdae0105f5fb5.js?body=1" for 10.0.2.2 at 2015-02-27 09:03:25 +0000
  [1m[36m (0.2ms)[0m  [1mbegin transaction[0m
  [1m[35mSQL (0.5ms)[0m  INSERT INTO "users" ("age", "created_at", "email", "updated_at", "username") VALUES (?, ?, ?, ?, ?)  [["age", 27], ["created_at", "2015-02-27 09:04:08.465888"], ["email", "david@gmail.com"], ["updated_at", "2015-02-27 09:04:08.465888"], ["username", "David"]]
  [1m[36m (95.9ms)[0m  [1mcommit transaction[0m
  [1m[35m (0.1ms)[0m  begin transaction
  [1m[36mSQL (0.3ms)[0m  [1mINSERT INTO "users" ("age", "created_at", "email", "updated_at", "username") VALUES (?, ?, ?, ?, ?)[0m  [["age", 21], ["created_at", "2015-02-27 09:04:19.094635"], ["email", "evelyn@gmail.com"], ["updated_at", "2015-02-27 09:04:19.094635"], ["username", "Evelyn"]]
  [1m[35m (11.7ms)[0m  commit transaction
  [1m[36m (0.1ms)[0m  [1mbegin transaction[0m
  [1m[35mSQL (0.2ms)[0m  INSERT INTO "users" ("age", "created_at", "email", "updated_at", "username") VALUES (?, ?, ?, ?, ?)  [["age", 26], ["created_at", "2015-02-27 09:04:31.935482"], ["email", "frank@gmail.com"], ["updated_at", "2015-02-27 09:04:31.935482"], ["username", "Frank"]]
  [1m[36m (49.1ms)[0m  [1mcommit transaction[0m
  [1m[35m (0.0ms)[0m  begin transaction
  [1m[36mSQL (0.2ms)[0m  [1mINSERT INTO "users" ("age", "created_at", "email", "updated_at", "username") VALUES (?, ?, ?, ?, ?)[0m  [["age", 22], ["created_at", "2015-02-27 09:04:50.595614"], ["email", "george@gmail.com"], ["updated_at", "2015-02-27 09:04:50.595614"], ["username", "George"]]
  [1m[35m (11.9ms)[0m  commit transaction


Started GET "/" for 10.0.2.2 at 2015-02-27 09:04:55 +0000
Processing by PagesController#home as HTML
  [1m[36mUser Load (0.9ms)[0m  [1mSELECT "users".* FROM "users"[0m
  Rendered pages/home.html.erb within layouts/application (4.6ms)
Completed 200 OK in 119ms (Views: 115.8ms | ActiveRecord: 0.9ms)


Started GET "/assets/application-5266d2988799ecc8fe6e81eaab412e7d.css?body=1" for 10.0.2.2 at 2015-02-27 09:04:55 +0000


Started GET "/assets/jquery-5c8e9a5f2706a5ae36c57c9b8b1693b8.js?body=1" for 10.0.2.2 at 2015-02-27 09:04:55 +0000


Started GET "/assets/jquery_ujs-8163409ac89d9587bb33a62f6f74d283.js?body=1" for 10.0.2.2 at 2015-02-27 09:04:55 +0000


Started GET "/assets/turbolinks-f87b3583ca50adb0488b031297f5580d.js?body=1" for 10.0.2.2 at 2015-02-27 09:04:55 +0000


Started GET "/assets/application-b7ab46af60a4c6c2403bdae0105f5fb5.js?body=1" for 10.0.2.2 at 2015-02-27 09:04:55 +0000
  [1m[36m (0.2ms)[0m  [1mbegin transaction[0m
  [1m[35mSQL (0.6ms)[0m  INSERT INTO "cats" ("name") VALUES (?)  [["name", "Albert"]]
  [1m[36m (23.0ms)[0m  [1mcommit transaction[0m
  [1m[35m (0.4ms)[0m  begin transaction
  [1m[36mSQL (0.4ms)[0m  [1mINSERT INTO "cats" ("name") VALUES (?)[0m  [["name", "Garfield"]]
  [1m[35m (11.6ms)[0m  commit transaction
  [1m[36m (0.1ms)[0m  [1mbegin transaction[0m
  [1m[35mSQL (0.2ms)[0m  INSERT INTO "cats" ("name") VALUES (?)  [["name", "Darlene"]]
  [1m[36m (10.1ms)[0m  [1mcommit transaction[0m
  [1m[35m (0.2ms)[0m  begin transaction
  [1m[36mSQL (0.8ms)[0m  [1mINSERT INTO "todos" ("created_at", "finished", "tasks", "updated_at") VALUES (?, ?, ?, ?)[0m  [["created_at", "2015-02-27 09:06:47.651221"], ["finished", "t"], ["tasks", "Finish HW3"], ["updated_at", "2015-02-27 09:06:47.651221"]]
  [1m[35m (26.8ms)[0m  commit transaction
  [1m[36m (0.1ms)[0m  [1mbegin transaction[0m
  [1m[35mSQL (0.2ms)[0m  INSERT INTO "todos" ("created_at", "finished", "tasks", "updated_at") VALUES (?, ?, ?, ?)  [["created_at", "2015-02-27 09:07:02.901311"], ["finished", "f"], ["tasks", "Finish HW4"], ["updated_at", "2015-02-27 09:07:02.901311"]]
  [1m[36m (12.2ms)[0m  [1mcommit transaction[0m


Started GET "/" for 10.0.2.2 at 2015-02-27 09:08:36 +0000
Processing by PagesController#home as HTML
  [1m[35mUser Load (1.2ms)[0m  SELECT "users".* FROM "users"
  [1m[36mCat Load (0.9ms)[0m  [1mSELECT "cats".* FROM "cats"[0m
  [1m[35mTodo Load (0.3ms)[0m  SELECT "todos".* FROM "todos"
  Rendered pages/home.html.erb within layouts/application (64.8ms)
Completed 200 OK in 211ms (Views: 198.1ms | ActiveRecord: 7.1ms)


Started GET "/assets/turbolinks-f87b3583ca50adb0488b031297f5580d.js?body=1" for 10.0.2.2 at 2015-02-27 09:08:36 +0000


Started GET "/assets/jquery_ujs-8163409ac89d9587bb33a62f6f74d283.js?body=1" for 10.0.2.2 at 2015-02-27 09:08:36 +0000


Started GET "/assets/application-5266d2988799ecc8fe6e81eaab412e7d.css?body=1" for 10.0.2.2 at 2015-02-27 09:08:36 +0000


Started GET "/assets/jquery-5c8e9a5f2706a5ae36c57c9b8b1693b8.js?body=1" for 10.0.2.2 at 2015-02-27 09:08:36 +0000


Started GET "/assets/application-b7ab46af60a4c6c2403bdae0105f5fb5.js?body=1" for 10.0.2.2 at 2015-02-27 09:08:36 +0000
