

Started GET "/" for 10.0.2.2 at 2015-02-20 02:25:39 +0000
Processing by PagesController#home as HTML
  Rendered pages/home.html.erb within layouts/application (35.5ms)
Completed 500 Internal Server Error in 151ms

ActionView::Template::Error (undefined local variable or method `stringify_path' for #<#<Class:0xb371954>:0xb370e8c>):
     7: <!-- CONFUSING CODE, DO NOT MODIFY -->
     8: <!-- CONFUSING CODE, DO NOT MODIFY -->
     9: <!-- CONFUSING CODE, DO NOT MODIFY -->
    10: <%= form_tag stringify_path do %>
    11:   <%= label_tag :name, "Your Name here!" %>
    12:   <%= text_area_tag :name %>
    13:   <%= label_tag :adjective, "An adjective here!" %>
  app/views/pages/home.html.erb:10:in `_app_views_pages_home_html_erb___1049381839_93978310'


  Rendered /home/vagrant/.rvm/gems/ruby-2.2.0/gems/actionpack-4.1.6/lib/action_dispatch/middleware/templates/rescues/_trace.html.erb (3.0ms)
  Rendered /home/vagrant/.rvm/gems/ruby-2.2.0/gems/actionpack-4.1.6/lib/action_dispatch/middleware/templates/rescues/_request_and_response.html.erb (2.3ms)
  Rendered /home/vagrant/.rvm/gems/ruby-2.2.0/gems/actionpack-4.1.6/lib/action_dispatch/middleware/templates/rescues/template_error.html.erb within rescues/layout (29.8ms)


Started GET "/" for 10.0.2.2 at 2015-02-21 08:17:40 +0000
Processing by PagesController#home as HTML
  Rendered pages/home.html.erb within layouts/application (5.5ms)
Completed 200 OK in 1931ms (Views: 1887.1ms | ActiveRecord: 0.0ms)


Started GET "/assets/jquery.js?body=1" for 10.0.2.2 at 2015-02-21 08:17:44 +0000


Started GET "/assets/turbolinks.js?body=1" for 10.0.2.2 at 2015-02-21 08:17:45 +0000


Started GET "/assets/application.js?body=1" for 10.0.2.2 at 2015-02-21 08:17:45 +0000


Started GET "/assets/jquery_ujs.js?body=1" for 10.0.2.2 at 2015-02-21 08:17:45 +0000


Started GET "/assets/application.css?body=1" for 10.0.2.2 at 2015-02-21 08:17:45 +0000


Started POST "/stringify" for 10.0.2.2 at 2015-02-21 08:18:23 +0000
Processing by PagesController#stringify as HTML
  Parameters: {"utf8"=>"✓", "authenticity_token"=>"x72HYaRWZkVOqOhxSLxnmBXMS5bwaEHesvlgVjmrgzk=", "name"=>"", "adjective"=>"", "commit"=>"Stringify!"}
Completed 500 Internal Server Error in 24ms

ActionView::MissingTemplate (Missing template pages/stringify, application/stringify with {:locale=>[:en], :formats=>[:html], :variants=>[], :handlers=>[:erb, :builder, :raw, :ruby, :coffee, :jbuilder]}. Searched in:
  * "/home/vagrant/assignments/hw2-sp15/app/views"
):
  actionview (4.1.6) lib/action_view/path_set.rb:46:in `find'
  actionview (4.1.6) lib/action_view/lookup_context.rb:124:in `find'
  actionview (4.1.6) lib/action_view/renderer/abstract_renderer.rb:18:in `find_template'
  actionview (4.1.6) lib/action_view/renderer/template_renderer.rb:41:in `determine_template'
  actionview (4.1.6) lib/action_view/renderer/template_renderer.rb:8:in `render'
  actionview (4.1.6) lib/action_view/renderer/renderer.rb:42:in `render_template'
  actionview (4.1.6) lib/action_view/renderer/renderer.rb:23:in `render'
  actionview (4.1.6) lib/action_view/rendering.rb:99:in `_render_template'
  actionpack (4.1.6) lib/action_controller/metal/streaming.rb:217:in `_render_template'
  actionview (4.1.6) lib/action_view/rendering.rb:82:in `render_to_body'
  actionpack (4.1.6) lib/action_controller/metal/rendering.rb:32:in `render_to_body'
  actionpack (4.1.6) lib/action_controller/metal/renderers.rb:32:in `render_to_body'
  actionpack (4.1.6) lib/abstract_controller/rendering.rb:25:in `render'
  actionpack (4.1.6) lib/action_controller/metal/rendering.rb:16:in `render'
  actionpack (4.1.6) lib/action_controller/metal/instrumentation.rb:41:in `block (2 levels) in render'
  activesupport (4.1.6) lib/active_support/core_ext/benchmark.rb:12:in `block in ms'
  /home/vagrant/.rvm/rubies/ruby-2.2.0/lib/ruby/2.2.0/benchmark.rb:303:in `realtime'
  activesupport (4.1.6) lib/active_support/core_ext/benchmark.rb:12:in `ms'
  actionpack (4.1.6) lib/action_controller/metal/instrumentation.rb:41:in `block in render'
  actionpack (4.1.6) lib/action_controller/metal/instrumentation.rb:84:in `cleanup_view_runtime'
  activerecord (4.1.6) lib/active_record/railties/controller_runtime.rb:25:in `cleanup_view_runtime'
  actionpack (4.1.6) lib/action_controller/metal/instrumentation.rb:40:in `render'
  actionpack (4.1.6) lib/action_controller/metal/implicit_render.rb:10:in `default_render'
  actionpack (4.1.6) lib/action_controller/metal/implicit_render.rb:5:in `send_action'
  actionpack (4.1.6) lib/abstract_controller/base.rb:189:in `process_action'
  actionpack (4.1.6) lib/action_controller/metal/rendering.rb:10:in `process_action'
  actionpack (4.1.6) lib/abstract_controller/callbacks.rb:20:in `block in process_action'
  activesupport (4.1.6) lib/active_support/callbacks.rb:113:in `call'
  activesupport (4.1.6) lib/active_support/callbacks.rb:113:in `call'
  activesupport (4.1.6) lib/active_support/callbacks.rb:229:in `block in halting'
  activesupport (4.1.6) lib/active_support/callbacks.rb:229:in `call'
  activesupport (4.1.6) lib/active_support/callbacks.rb:229:in `block in halting'
  activesupport (4.1.6) lib/active_support/callbacks.rb:166:in `call'
  activesupport (4.1.6) lib/active_support/callbacks.rb:166:in `block in halting'
  activesupport (4.1.6) lib/active_support/callbacks.rb:166:in `call'
  activesupport (4.1.6) lib/active_support/callbacks.rb:166:in `block in halting'
  activesupport (4.1.6) lib/active_support/callbacks.rb:166:in `call'
  activesupport (4.1.6) lib/active_support/callbacks.rb:166:in `block in halting'
  activesupport (4.1.6) lib/active_support/callbacks.rb:86:in `call'
  activesupport (4.1.6) lib/active_support/callbacks.rb:86:in `run_callbacks'
  actionpack (4.1.6) lib/abstract_controller/callbacks.rb:19:in `process_action'
  actionpack (4.1.6) lib/action_controller/metal/rescue.rb:29:in `process_action'
  actionpack (4.1.6) lib/action_controller/metal/instrumentation.rb:31:in `block in process_action'
  activesupport (4.1.6) lib/active_support/notifications.rb:159:in `block in instrument'
  activesupport (4.1.6) lib/active_support/notifications/instrumenter.rb:20:in `instrument'
  activesupport (4.1.6) lib/active_support/notifications.rb:159:in `instrument'
  actionpack (4.1.6) lib/action_controller/metal/instrumentation.rb:30:in `process_action'
  actionpack (4.1.6) lib/action_controller/metal/params_wrapper.rb:250:in `process_action'
  activerecord (4.1.6) lib/active_record/railties/controller_runtime.rb:18:in `process_action'
  actionpack (4.1.6) lib/abstract_controller/base.rb:136:in `process'
  actionview (4.1.6) lib/action_view/rendering.rb:30:in `process'
  actionpack (4.1.6) lib/action_controller/metal.rb:196:in `dispatch'
  actionpack (4.1.6) lib/action_controller/metal/rack_delegation.rb:13:in `dispatch'
  actionpack (4.1.6) lib/action_controller/metal.rb:232:in `block in action'
  actionpack (4.1.6) lib/action_dispatch/routing/route_set.rb:82:in `call'
  actionpack (4.1.6) lib/action_dispatch/routing/route_set.rb:82:in `dispatch'
  actionpack (4.1.6) lib/action_dispatch/routing/route_set.rb:50:in `call'
  actionpack (4.1.6) lib/action_dispatch/journey/router.rb:73:in `block in call'
  actionpack (4.1.6) lib/action_dispatch/journey/router.rb:59:in `each'
  actionpack (4.1.6) lib/action_dispatch/journey/router.rb:59:in `call'
  actionpack (4.1.6) lib/action_dispatch/routing/route_set.rb:678:in `call'
  rack (1.5.2) lib/rack/etag.rb:23:in `call'
  rack (1.5.2) lib/rack/conditionalget.rb:35:in `call'
  rack (1.5.2) lib/rack/head.rb:11:in `call'
  actionpack (4.1.6) lib/action_dispatch/middleware/params_parser.rb:27:in `call'
  actionpack (4.1.6) lib/action_dispatch/middleware/flash.rb:254:in `call'
  rack (1.5.2) lib/rack/session/abstract/id.rb:225:in `context'
  rack (1.5.2) lib/rack/session/abstract/id.rb:220:in `call'
  actionpack (4.1.6) lib/action_dispatch/middleware/cookies.rb:560:in `call'
  activerecord (4.1.6) lib/active_record/query_cache.rb:36:in `call'
  activerecord (4.1.6) lib/active_record/connection_adapters/abstract/connection_pool.rb:621:in `call'
  activerecord (4.1.6) lib/active_record/migration.rb:380:in `call'
  actionpack (4.1.6) lib/action_dispatch/middleware/callbacks.rb:29:in `block in call'
  activesupport (4.1.6) lib/active_support/callbacks.rb:82:in `run_callbacks'
  actionpack (4.1.6) lib/action_dispatch/middleware/callbacks.rb:27:in `call'
  actionpack (4.1.6) lib/action_dispatch/middleware/reloader.rb:73:in `call'
  actionpack (4.1.6) lib/action_dispatch/middleware/remote_ip.rb:76:in `call'
  better_errors (1.1.0) lib/better_errors/middleware.rb:58:in `call'
  actionpack (4.1.6) lib/action_dispatch/middleware/debug_exceptions.rb:17:in `call'
  actionpack (4.1.6) lib/action_dispatch/middleware/show_exceptions.rb:30:in `call'
  railties (4.1.6) lib/rails/rack/logger.rb:38:in `call_app'
  railties (4.1.6) lib/rails/rack/logger.rb:20:in `block in call'
  activesupport (4.1.6) lib/active_support/tagged_logging.rb:68:in `block in tagged'
  activesupport (4.1.6) lib/active_support/tagged_logging.rb:26:in `tagged'
  activesupport (4.1.6) lib/active_support/tagged_logging.rb:68:in `tagged'
  railties (4.1.6) lib/rails/rack/logger.rb:20:in `call'
  actionpack (4.1.6) lib/action_dispatch/middleware/request_id.rb:21:in `call'
  rack (1.5.2) lib/rack/methodoverride.rb:21:in `call'
  rack (1.5.2) lib/rack/runtime.rb:17:in `call'
  activesupport (4.1.6) lib/active_support/cache/strategy/local_cache_middleware.rb:26:in `call'
  rack (1.5.2) lib/rack/lock.rb:17:in `call'
  actionpack (4.1.6) lib/action_dispatch/middleware/static.rb:64:in `call'
  rack (1.5.2) lib/rack/sendfile.rb:112:in `call'
  railties (4.1.6) lib/rails/engine.rb:514:in `call'
  railties (4.1.6) lib/rails/application.rb:144:in `call'
  rack (1.5.2) lib/rack/lock.rb:17:in `call'
  rack (1.5.2) lib/rack/content_length.rb:14:in `call'
  rack (1.5.2) lib/rack/handler/webrick.rb:60:in `service'
  /home/vagrant/.rvm/rubies/ruby-2.2.0/lib/ruby/2.2.0/webrick/httpserver.rb:138:in `service'
  /home/vagrant/.rvm/rubies/ruby-2.2.0/lib/ruby/2.2.0/webrick/httpserver.rb:94:in `run'
  /home/vagrant/.rvm/rubies/ruby-2.2.0/lib/ruby/2.2.0/webrick/server.rb:294:in `block in start_thread'


  Rendered /home/vagrant/.rvm/gems/ruby-2.2.0/gems/actionpack-4.1.6/lib/action_dispatch/middleware/templates/rescues/missing_template.html.erb within rescues/layout (0.9ms)


Started POST "/stringify" for 10.0.2.2 at 2015-02-21 08:19:41 +0000
Processing by PagesController#stringify as HTML
  Parameters: {"utf8"=>"✓", "authenticity_token"=>"x72HYaRWZkVOqOhxSLxnmBXMS5bwaEHesvlgVjmrgzk=", "name"=>"", "adjective"=>"", "commit"=>"Stringify!"}
  Rendered pages/stringify.html.erb within layouts/application (3.0ms)
Completed 200 OK in 153ms (Views: 149.1ms | ActiveRecord: 0.0ms)


Started GET "/assets/jquery.js?body=1" for 10.0.2.2 at 2015-02-21 08:19:41 +0000


Started GET "/assets/jquery_ujs.js?body=1" for 10.0.2.2 at 2015-02-21 08:19:41 +0000


Started GET "/assets/application.css?body=1" for 10.0.2.2 at 2015-02-21 08:19:41 +0000


Started GET "/assets/turbolinks.js?body=1" for 10.0.2.2 at 2015-02-21 08:19:41 +0000


Started GET "/assets/application.js?body=1" for 10.0.2.2 at 2015-02-21 08:19:41 +0000


Started POST "/stringify" for 10.0.2.2 at 2015-02-21 08:23:19 +0000
Processing by PagesController#stringify as HTML
  Parameters: {"utf8"=>"✓", "authenticity_token"=>"x72HYaRWZkVOqOhxSLxnmBXMS5bwaEHesvlgVjmrgzk=", "name"=>"", "adjective"=>"", "commit"=>"Stringify!"}
  Rendered pages/stringify.html.erb within layouts/application (2.9ms)
Completed 500 Internal Server Error in 11ms

SyntaxError (/home/vagrant/assignments/hw2-sp15/app/views/pages/stringify.html.erb:6: syntax error, unexpected tIDENTIFIER, expecting ')'
...ffer.append=( params['name'] is so params['adjective'] );@ou...
...                               ^):
  app/views/pages/stringify.html.erb:6: syntax error, unexpected tIDENTIFIER, expecting ')'


  Rendered /home/vagrant/.rvm/gems/ruby-2.2.0/gems/actionpack-4.1.6/lib/action_dispatch/middleware/templates/rescues/_source.erb (1.5ms)
  Rendered /home/vagrant/.rvm/gems/ruby-2.2.0/gems/actionpack-4.1.6/lib/action_dispatch/middleware/templates/rescues/_trace.html.erb (5.1ms)
  Rendered /home/vagrant/.rvm/gems/ruby-2.2.0/gems/actionpack-4.1.6/lib/action_dispatch/middleware/templates/rescues/_request_and_response.html.erb (1.7ms)
  Rendered /home/vagrant/.rvm/gems/ruby-2.2.0/gems/actionpack-4.1.6/lib/action_dispatch/middleware/templates/rescues/diagnostics.erb within rescues/layout (39.9ms)


Started POST "/stringify" for 10.0.2.2 at 2015-02-21 08:23:59 +0000
Processing by PagesController#stringify as HTML
  Parameters: {"utf8"=>"✓", "authenticity_token"=>"x72HYaRWZkVOqOhxSLxnmBXMS5bwaEHesvlgVjmrgzk=", "name"=>"", "adjective"=>"", "commit"=>"Stringify!"}
  Rendered pages/stringify.html.erb within layouts/application (0.9ms)
Completed 200 OK in 54ms (Views: 53.4ms | ActiveRecord: 0.0ms)


Started GET "/assets/application.css?body=1" for 10.0.2.2 at 2015-02-21 08:23:59 +0000


Started GET "/assets/jquery.js?body=1" for 10.0.2.2 at 2015-02-21 08:23:59 +0000


Started GET "/assets/jquery_ujs.js?body=1" for 10.0.2.2 at 2015-02-21 08:23:59 +0000


Started GET "/assets/turbolinks.js?body=1" for 10.0.2.2 at 2015-02-21 08:23:59 +0000


Started GET "/assets/application.js?body=1" for 10.0.2.2 at 2015-02-21 08:23:59 +0000


Started GET "/" for 10.0.2.2 at 2015-02-21 08:29:29 +0000
Processing by PagesController#home as HTML
  Rendered pages/home.html.erb within layouts/application (2.8ms)
Completed 200 OK in 99ms (Views: 97.2ms | ActiveRecord: 0.0ms)


Started GET "/assets/jquery.js?body=1" for 10.0.2.2 at 2015-02-21 08:29:29 +0000


Started GET "/assets/application.css?body=1" for 10.0.2.2 at 2015-02-21 08:29:29 +0000


Started GET "/assets/jquery_ujs.js?body=1" for 10.0.2.2 at 2015-02-21 08:29:29 +0000


Started GET "/assets/turbolinks.js?body=1" for 10.0.2.2 at 2015-02-21 08:29:29 +0000


Started GET "/assets/application.js?body=1" for 10.0.2.2 at 2015-02-21 08:29:29 +0000


Started POST "/stringify" for 10.0.2.2 at 2015-02-21 08:29:42 +0000
Processing by PagesController#stringify as HTML
  Parameters: {"utf8"=>"✓", "authenticity_token"=>"x72HYaRWZkVOqOhxSLxnmBXMS5bwaEHesvlgVjmrgzk=", "name"=>"", "adjective"=>"", "commit"=>"Stringify!"}
  Rendered pages/stringify.html.erb within layouts/application (1.6ms)
Completed 200 OK in 68ms (Views: 67.2ms | ActiveRecord: 0.0ms)


Started GET "/assets/application.css?body=1" for 10.0.2.2 at 2015-02-21 08:29:43 +0000


Started GET "/assets/jquery.js?body=1" for 10.0.2.2 at 2015-02-21 08:29:43 +0000


Started GET "/assets/jquery_ujs.js?body=1" for 10.0.2.2 at 2015-02-21 08:29:43 +0000


Started GET "/assets/application.js?body=1" for 10.0.2.2 at 2015-02-21 08:29:43 +0000


Started GET "/assets/turbolinks.js?body=1" for 10.0.2.2 at 2015-02-21 08:29:43 +0000


Started POST "/stringify" for 10.0.2.2 at 2015-02-21 08:30:02 +0000
Processing by PagesController#stringify as HTML
  Parameters: {"utf8"=>"✓", "authenticity_token"=>"x72HYaRWZkVOqOhxSLxnmBXMS5bwaEHesvlgVjmrgzk=", "name"=>"Japheth", "adjective"=>"cool", "commit"=>"Stringify!"}
  Rendered pages/stringify.html.erb within layouts/application (1.0ms)
Completed 200 OK in 60ms (Views: 57.1ms | ActiveRecord: 0.0ms)


Started GET "/assets/jquery_ujs.js?body=1" for 10.0.2.2 at 2015-02-21 08:30:02 +0000


Started GET "/assets/application.css?body=1" for 10.0.2.2 at 2015-02-21 08:30:02 +0000


Started GET "/assets/turbolinks.js?body=1" for 10.0.2.2 at 2015-02-21 08:30:02 +0000


Started GET "/assets/application.js?body=1" for 10.0.2.2 at 2015-02-21 08:30:02 +0000


Started GET "/assets/jquery.js?body=1" for 10.0.2.2 at 2015-02-21 08:30:03 +0000


Started GET "/" for 10.0.2.2 at 2015-02-21 08:31:12 +0000
Processing by PagesController#home as HTML
  Rendered pages/home.html.erb within layouts/application (1.7ms)
Completed 200 OK in 93ms (Views: 91.1ms | ActiveRecord: 0.0ms)


Started GET "/assets/jquery.js?body=1" for 10.0.2.2 at 2015-02-21 08:31:12 +0000


Started GET "/assets/jquery_ujs.js?body=1" for 10.0.2.2 at 2015-02-21 08:31:12 +0000


Started GET "/assets/application.css?body=1" for 10.0.2.2 at 2015-02-21 08:31:12 +0000


Started GET "/assets/turbolinks.js?body=1" for 10.0.2.2 at 2015-02-21 08:31:12 +0000


Started GET "/assets/application.js?body=1" for 10.0.2.2 at 2015-02-21 08:31:12 +0000


Started POST "/stringify" for 10.0.2.2 at 2015-02-21 08:31:14 +0000
Processing by PagesController#stringify as HTML
  Parameters: {"utf8"=>"✓", "authenticity_token"=>"x72HYaRWZkVOqOhxSLxnmBXMS5bwaEHesvlgVjmrgzk=", "name"=>"", "adjective"=>"", "commit"=>"Stringify!"}
  Rendered pages/stringify.html.erb within layouts/application (0.9ms)
Completed 200 OK in 66ms (Views: 64.9ms | ActiveRecord: 0.0ms)


Started GET "/assets/turbolinks.js?body=1" for 10.0.2.2 at 2015-02-21 08:31:15 +0000


Started GET "/assets/jquery_ujs.js?body=1" for 10.0.2.2 at 2015-02-21 08:31:15 +0000


Started GET "/assets/application.js?body=1" for 10.0.2.2 at 2015-02-21 08:31:15 +0000


Started GET "/assets/application.css?body=1" for 10.0.2.2 at 2015-02-21 08:31:15 +0000


Started GET "/assets/jquery.js?body=1" for 10.0.2.2 at 2015-02-21 08:31:15 +0000


Started GET "/" for 10.0.2.2 at 2015-02-21 08:33:12 +0000
Processing by PagesController#home as HTML
  Rendered pages/home.html.erb within layouts/application (3.0ms)
Completed 200 OK in 95ms (Views: 93.6ms | ActiveRecord: 0.0ms)


Started GET "/assets/jquery.js?body=1" for 10.0.2.2 at 2015-02-21 08:33:12 +0000


Started GET "/assets/application.js?body=1" for 10.0.2.2 at 2015-02-21 08:33:12 +0000


Started GET "/assets/jquery_ujs.js?body=1" for 10.0.2.2 at 2015-02-21 08:33:12 +0000


Started GET "/assets/turbolinks.js?body=1" for 10.0.2.2 at 2015-02-21 08:33:12 +0000


Started GET "/assets/application.css?body=1" for 10.0.2.2 at 2015-02-21 08:33:12 +0000


Started POST "/stringify" for 10.0.2.2 at 2015-02-21 08:33:15 +0000
Processing by PagesController#stringify as HTML
  Parameters: {"utf8"=>"✓", "authenticity_token"=>"x72HYaRWZkVOqOhxSLxnmBXMS5bwaEHesvlgVjmrgzk=", "name"=>"", "adjective"=>"", "commit"=>"Stringify!"}
  Rendered pages/stringify.html.erb within layouts/application (3.8ms)
Completed 200 OK in 69ms (Views: 67.4ms | ActiveRecord: 0.0ms)


Started GET "/assets/application.css?body=1" for 10.0.2.2 at 2015-02-21 08:33:15 +0000


Started GET "/assets/jquery.js?body=1" for 10.0.2.2 at 2015-02-21 08:33:15 +0000


Started GET "/assets/jquery_ujs.js?body=1" for 10.0.2.2 at 2015-02-21 08:33:15 +0000


Started GET "/assets/turbolinks.js?body=1" for 10.0.2.2 at 2015-02-21 08:33:15 +0000


Started GET "/assets/application.js?body=1" for 10.0.2.2 at 2015-02-21 08:33:15 +0000


Started POST "/stringify" for 10.0.2.2 at 2015-02-21 08:33:21 +0000
Processing by PagesController#stringify as HTML
  Parameters: {"utf8"=>"✓", "authenticity_token"=>"x72HYaRWZkVOqOhxSLxnmBXMS5bwaEHesvlgVjmrgzk=", "name"=>"Japheth\r\n", "adjective"=>"", "commit"=>"Stringify!"}
  Rendered pages/stringify.html.erb within layouts/application (0.2ms)
Completed 200 OK in 61ms (Views: 59.6ms | ActiveRecord: 0.0ms)


Started GET "/assets/application.css?body=1" for 10.0.2.2 at 2015-02-21 08:33:21 +0000


Started GET "/assets/jquery_ujs.js?body=1" for 10.0.2.2 at 2015-02-21 08:33:21 +0000


Started GET "/assets/turbolinks.js?body=1" for 10.0.2.2 at 2015-02-21 08:33:21 +0000


Started GET "/assets/application.js?body=1" for 10.0.2.2 at 2015-02-21 08:33:21 +0000


Started GET "/assets/jquery.js?body=1" for 10.0.2.2 at 2015-02-21 08:33:21 +0000


Started POST "/stringify" for 10.0.2.2 at 2015-02-21 08:33:28 +0000
Processing by PagesController#stringify as HTML
  Parameters: {"utf8"=>"✓", "authenticity_token"=>"x72HYaRWZkVOqOhxSLxnmBXMS5bwaEHesvlgVjmrgzk=", "name"=>"Japheth\r\n", "adjective"=>"cool", "commit"=>"Stringify!"}
  Rendered pages/stringify.html.erb within layouts/application (0.4ms)
Completed 200 OK in 59ms (Views: 57.9ms | ActiveRecord: 0.0ms)


Started GET "/assets/application.css?body=1" for 10.0.2.2 at 2015-02-21 08:33:28 +0000


Started GET "/assets/jquery.js?body=1" for 10.0.2.2 at 2015-02-21 08:33:28 +0000


Started GET "/assets/turbolinks.js?body=1" for 10.0.2.2 at 2015-02-21 08:33:28 +0000


Started GET "/assets/jquery_ujs.js?body=1" for 10.0.2.2 at 2015-02-21 08:33:29 +0000


Started GET "/assets/application.js?body=1" for 10.0.2.2 at 2015-02-21 08:33:29 +0000


Started GET "/" for 10.0.2.2 at 2015-02-21 08:51:51 +0000
Processing by PagesController#home as HTML
Completed 500 Internal Server Error in 4ms

NoMethodError (undefined method `baz' for Foobar:Class):
  app/controllers/pages_controller.rb:3:in `home'


  Rendered /home/vagrant/.rvm/gems/ruby-2.2.0/gems/actionpack-4.1.6/lib/action_dispatch/middleware/templates/rescues/_source.erb (2.0ms)
  Rendered /home/vagrant/.rvm/gems/ruby-2.2.0/gems/actionpack-4.1.6/lib/action_dispatch/middleware/templates/rescues/_trace.html.erb (5.1ms)
  Rendered /home/vagrant/.rvm/gems/ruby-2.2.0/gems/actionpack-4.1.6/lib/action_dispatch/middleware/templates/rescues/_request_and_response.html.erb (2.4ms)
  Rendered /home/vagrant/.rvm/gems/ruby-2.2.0/gems/actionpack-4.1.6/lib/action_dispatch/middleware/templates/rescues/diagnostics.erb within rescues/layout (43.6ms)


Started GET "/" for 10.0.2.2 at 2015-02-21 08:53:22 +0000
Processing by PagesController#home as HTML
  Rendered pages/home.html.erb within layouts/application (3.0ms)
Completed 200 OK in 146ms (Views: 139.7ms | ActiveRecord: 0.0ms)


Started GET "/assets/jquery.js?body=1" for 10.0.2.2 at 2015-02-21 08:53:22 +0000


Started GET "/assets/application.css?body=1" for 10.0.2.2 at 2015-02-21 08:53:22 +0000


Started GET "/assets/jquery_ujs.js?body=1" for 10.0.2.2 at 2015-02-21 08:53:22 +0000


Started GET "/assets/application.js?body=1" for 10.0.2.2 at 2015-02-21 08:53:23 +0000


Started GET "/assets/turbolinks.js?body=1" for 10.0.2.2 at 2015-02-21 08:53:23 +0000


Started PUT "/age" for 10.0.2.2 at 2015-02-21 08:55:45 +0000

ActionController::RoutingError (No route matches [PUT] "/age"):
  actionpack (4.1.6) lib/action_dispatch/middleware/debug_exceptions.rb:21:in `call'
  actionpack (4.1.6) lib/action_dispatch/middleware/show_exceptions.rb:30:in `call'
  railties (4.1.6) lib/rails/rack/logger.rb:38:in `call_app'
  railties (4.1.6) lib/rails/rack/logger.rb:20:in `block in call'
  activesupport (4.1.6) lib/active_support/tagged_logging.rb:68:in `block in tagged'
  activesupport (4.1.6) lib/active_support/tagged_logging.rb:26:in `tagged'
  activesupport (4.1.6) lib/active_support/tagged_logging.rb:68:in `tagged'
  railties (4.1.6) lib/rails/rack/logger.rb:20:in `call'
  actionpack (4.1.6) lib/action_dispatch/middleware/request_id.rb:21:in `call'
  rack (1.5.2) lib/rack/methodoverride.rb:21:in `call'
  rack (1.5.2) lib/rack/runtime.rb:17:in `call'
  activesupport (4.1.6) lib/active_support/cache/strategy/local_cache_middleware.rb:26:in `call'
  rack (1.5.2) lib/rack/lock.rb:17:in `call'
  actionpack (4.1.6) lib/action_dispatch/middleware/static.rb:64:in `call'
  rack (1.5.2) lib/rack/sendfile.rb:112:in `call'
  railties (4.1.6) lib/rails/engine.rb:514:in `call'
  railties (4.1.6) lib/rails/application.rb:144:in `call'
  rack (1.5.2) lib/rack/lock.rb:17:in `call'
  rack (1.5.2) lib/rack/content_length.rb:14:in `call'
  rack (1.5.2) lib/rack/handler/webrick.rb:60:in `service'
  /home/vagrant/.rvm/rubies/ruby-2.2.0/lib/ruby/2.2.0/webrick/httpserver.rb:138:in `service'
  /home/vagrant/.rvm/rubies/ruby-2.2.0/lib/ruby/2.2.0/webrick/httpserver.rb:94:in `run'
  /home/vagrant/.rvm/rubies/ruby-2.2.0/lib/ruby/2.2.0/webrick/server.rb:294:in `block in start_thread'


  Rendered /home/vagrant/.rvm/gems/ruby-2.2.0/gems/actionpack-4.1.6/lib/action_dispatch/middleware/templates/rescues/_trace.html.erb (2.9ms)
  Rendered /home/vagrant/.rvm/gems/ruby-2.2.0/gems/actionpack-4.1.6/lib/action_dispatch/middleware/templates/routes/_route.html.erb (1.5ms)
  Rendered /home/vagrant/.rvm/gems/ruby-2.2.0/gems/actionpack-4.1.6/lib/action_dispatch/middleware/templates/routes/_table.html.erb (23.1ms)
  Rendered /home/vagrant/.rvm/gems/ruby-2.2.0/gems/actionpack-4.1.6/lib/action_dispatch/middleware/templates/rescues/routing_error.html.erb within rescues/layout (144.6ms)


Started PUT "/age" for 10.0.2.2 at 2015-02-21 08:57:17 +0000

ActionController::RoutingError (No route matches [PUT] "/age"):
  actionpack (4.1.6) lib/action_dispatch/middleware/debug_exceptions.rb:21:in `call'
  actionpack (4.1.6) lib/action_dispatch/middleware/show_exceptions.rb:30:in `call'
  railties (4.1.6) lib/rails/rack/logger.rb:38:in `call_app'
  railties (4.1.6) lib/rails/rack/logger.rb:20:in `block in call'
  activesupport (4.1.6) lib/active_support/tagged_logging.rb:68:in `block in tagged'
  activesupport (4.1.6) lib/active_support/tagged_logging.rb:26:in `tagged'
  activesupport (4.1.6) lib/active_support/tagged_logging.rb:68:in `tagged'
  railties (4.1.6) lib/rails/rack/logger.rb:20:in `call'
  actionpack (4.1.6) lib/action_dispatch/middleware/request_id.rb:21:in `call'
  rack (1.5.2) lib/rack/methodoverride.rb:21:in `call'
  rack (1.5.2) lib/rack/runtime.rb:17:in `call'
  activesupport (4.1.6) lib/active_support/cache/strategy/local_cache_middleware.rb:26:in `call'
  rack (1.5.2) lib/rack/lock.rb:17:in `call'
  actionpack (4.1.6) lib/action_dispatch/middleware/static.rb:64:in `call'
  rack (1.5.2) lib/rack/sendfile.rb:112:in `call'
  railties (4.1.6) lib/rails/engine.rb:514:in `call'
  railties (4.1.6) lib/rails/application.rb:144:in `call'
  rack (1.5.2) lib/rack/lock.rb:17:in `call'
  rack (1.5.2) lib/rack/content_length.rb:14:in `call'
  rack (1.5.2) lib/rack/handler/webrick.rb:60:in `service'
  /home/vagrant/.rvm/rubies/ruby-2.2.0/lib/ruby/2.2.0/webrick/httpserver.rb:138:in `service'
  /home/vagrant/.rvm/rubies/ruby-2.2.0/lib/ruby/2.2.0/webrick/httpserver.rb:94:in `run'
  /home/vagrant/.rvm/rubies/ruby-2.2.0/lib/ruby/2.2.0/webrick/server.rb:294:in `block in start_thread'


  Rendered /home/vagrant/.rvm/gems/ruby-2.2.0/gems/actionpack-4.1.6/lib/action_dispatch/middleware/templates/rescues/_trace.html.erb (2.4ms)
  Rendered /home/vagrant/.rvm/gems/ruby-2.2.0/gems/actionpack-4.1.6/lib/action_dispatch/middleware/templates/routes/_route.html.erb (1.9ms)
  Rendered /home/vagrant/.rvm/gems/ruby-2.2.0/gems/actionpack-4.1.6/lib/action_dispatch/middleware/templates/routes/_table.html.erb (2.3ms)
  Rendered /home/vagrant/.rvm/gems/ruby-2.2.0/gems/actionpack-4.1.6/lib/action_dispatch/middleware/templates/rescues/routing_error.html.erb within rescues/layout (48.6ms)


Started GET "/age" for 10.0.2.2 at 2015-02-21 08:57:22 +0000
Processing by PagesController#person as HTML
  Rendered pages/person.html.erb within layouts/application (0.6ms)
Completed 200 OK in 62ms (Views: 60.8ms | ActiveRecord: 0.0ms)


Started GET "/" for 10.0.2.2 at 2015-02-21 09:04:31 +0000
Processing by PagesController#home as HTML
  Rendered pages/home.html.erb within layouts/application (3.5ms)
Completed 200 OK in 113ms (Views: 89.5ms | ActiveRecord: 0.0ms)


Started GET "/assets/application.css?body=1" for 10.0.2.2 at 2015-02-21 09:04:31 +0000


Started GET "/assets/jquery.js?body=1" for 10.0.2.2 at 2015-02-21 09:04:31 +0000


Started GET "/assets/jquery_ujs.js?body=1" for 10.0.2.2 at 2015-02-21 09:04:31 +0000


Started GET "/assets/turbolinks.js?body=1" for 10.0.2.2 at 2015-02-21 09:04:31 +0000


Started GET "/assets/application.js?body=1" for 10.0.2.2 at 2015-02-21 09:04:31 +0000


Started PUT "/age" for 10.0.2.2 at 2015-02-21 09:04:34 +0000

ActionController::RoutingError (No route matches [PUT] "/age"):
  actionpack (4.1.6) lib/action_dispatch/middleware/debug_exceptions.rb:21:in `call'
  actionpack (4.1.6) lib/action_dispatch/middleware/show_exceptions.rb:30:in `call'
  railties (4.1.6) lib/rails/rack/logger.rb:38:in `call_app'
  railties (4.1.6) lib/rails/rack/logger.rb:20:in `block in call'
  activesupport (4.1.6) lib/active_support/tagged_logging.rb:68:in `block in tagged'
  activesupport (4.1.6) lib/active_support/tagged_logging.rb:26:in `tagged'
  activesupport (4.1.6) lib/active_support/tagged_logging.rb:68:in `tagged'
  railties (4.1.6) lib/rails/rack/logger.rb:20:in `call'
  actionpack (4.1.6) lib/action_dispatch/middleware/request_id.rb:21:in `call'
  rack (1.5.2) lib/rack/methodoverride.rb:21:in `call'
  rack (1.5.2) lib/rack/runtime.rb:17:in `call'
  activesupport (4.1.6) lib/active_support/cache/strategy/local_cache_middleware.rb:26:in `call'
  rack (1.5.2) lib/rack/lock.rb:17:in `call'
  actionpack (4.1.6) lib/action_dispatch/middleware/static.rb:64:in `call'
  rack (1.5.2) lib/rack/sendfile.rb:112:in `call'
  railties (4.1.6) lib/rails/engine.rb:514:in `call'
  railties (4.1.6) lib/rails/application.rb:144:in `call'
  rack (1.5.2) lib/rack/lock.rb:17:in `call'
  rack (1.5.2) lib/rack/content_length.rb:14:in `call'
  rack (1.5.2) lib/rack/handler/webrick.rb:60:in `service'
  /home/vagrant/.rvm/rubies/ruby-2.2.0/lib/ruby/2.2.0/webrick/httpserver.rb:138:in `service'
  /home/vagrant/.rvm/rubies/ruby-2.2.0/lib/ruby/2.2.0/webrick/httpserver.rb:94:in `run'
  /home/vagrant/.rvm/rubies/ruby-2.2.0/lib/ruby/2.2.0/webrick/server.rb:294:in `block in start_thread'


  Rendered /home/vagrant/.rvm/gems/ruby-2.2.0/gems/actionpack-4.1.6/lib/action_dispatch/middleware/templates/rescues/_trace.html.erb (2.4ms)
  Rendered /home/vagrant/.rvm/gems/ruby-2.2.0/gems/actionpack-4.1.6/lib/action_dispatch/middleware/templates/routes/_route.html.erb (1.7ms)
  Rendered /home/vagrant/.rvm/gems/ruby-2.2.0/gems/actionpack-4.1.6/lib/action_dispatch/middleware/templates/routes/_table.html.erb (3.6ms)
  Rendered /home/vagrant/.rvm/gems/ruby-2.2.0/gems/actionpack-4.1.6/lib/action_dispatch/middleware/templates/rescues/routing_error.html.erb within rescues/layout (47.0ms)


Started PUT "/age" for 10.0.2.2 at 2015-02-21 09:05:25 +0000
Processing by PagesController#age as HTML
  Parameters: {"utf8"=>"✓", "authenticity_token"=>"x72HYaRWZkVOqOhxSLxnmBXMS5bwaEHesvlgVjmrgzk=", "name"=>"", "age"=>"", "commit"=>"Submit!"}
  Rendered pages/age.html.erb within layouts/application (1.1ms)
Completed 200 OK in 80ms (Views: 79.5ms | ActiveRecord: 0.0ms)


Started GET "/assets/jquery_ujs.js?body=1" for 10.0.2.2 at 2015-02-21 09:05:25 +0000


Started GET "/assets/jquery.js?body=1" for 10.0.2.2 at 2015-02-21 09:05:25 +0000


Started GET "/assets/application.css?body=1" for 10.0.2.2 at 2015-02-21 09:05:25 +0000


Started GET "/assets/turbolinks.js?body=1" for 10.0.2.2 at 2015-02-21 09:05:25 +0000


Started GET "/assets/application.js?body=1" for 10.0.2.2 at 2015-02-21 09:05:25 +0000


Started GET "/" for 10.0.2.2 at 2015-02-21 09:20:36 +0000
Processing by PagesController#home as HTML
  Rendered pages/home.html.erb within layouts/application (1.9ms)
Completed 200 OK in 76ms (Views: 73.0ms | ActiveRecord: 0.0ms)


Started GET "/assets/application.css?body=1" for 10.0.2.2 at 2015-02-21 09:20:36 +0000


Started GET "/assets/jquery.js?body=1" for 10.0.2.2 at 2015-02-21 09:20:36 +0000


Started GET "/assets/jquery_ujs.js?body=1" for 10.0.2.2 at 2015-02-21 09:20:36 +0000


Started GET "/assets/turbolinks.js?body=1" for 10.0.2.2 at 2015-02-21 09:20:36 +0000


Started GET "/assets/application.js?body=1" for 10.0.2.2 at 2015-02-21 09:20:36 +0000


Started PUT "/age" for 10.0.2.2 at 2015-02-21 09:20:44 +0000
Processing by PagesController#age as HTML
  Parameters: {"utf8"=>"✓", "authenticity_token"=>"x72HYaRWZkVOqOhxSLxnmBXMS5bwaEHesvlgVjmrgzk=", "name"=>"Japheth", "age"=>"22", "commit"=>"Submit!"}
  Rendered pages/age.html.erb within layouts/application (0.1ms)
Completed 200 OK in 80ms (Views: 78.9ms | ActiveRecord: 0.0ms)


Started GET "/" for 10.0.2.2 at 2015-02-21 09:21:51 +0000
Processing by PagesController#home as HTML
  Rendered pages/home.html.erb within layouts/application (2.0ms)
Completed 200 OK in 74ms (Views: 70.6ms | ActiveRecord: 0.0ms)


Started GET "/assets/jquery.js?body=1" for 10.0.2.2 at 2015-02-21 09:21:51 +0000


Started GET "/assets/application.css?body=1" for 10.0.2.2 at 2015-02-21 09:21:51 +0000


Started GET "/assets/jquery_ujs.js?body=1" for 10.0.2.2 at 2015-02-21 09:21:51 +0000


Started GET "/assets/turbolinks.js?body=1" for 10.0.2.2 at 2015-02-21 09:21:51 +0000


Started GET "/assets/application.js?body=1" for 10.0.2.2 at 2015-02-21 09:21:51 +0000


Started PUT "/age" for 10.0.2.2 at 2015-02-21 09:21:58 +0000
Processing by PagesController#person as HTML
  Parameters: {"utf8"=>"✓", "authenticity_token"=>"x72HYaRWZkVOqOhxSLxnmBXMS5bwaEHesvlgVjmrgzk=", "name"=>"Japheth", "age"=>"12", "commit"=>"Submit!"}
  Rendered pages/person.html.erb within layouts/application (2.9ms)
Completed 500 Internal Server Error in 10ms

ActionView::Template::Error (undefined method `introduce' for nil:NilClass):
    3: 
    4: <p><b>The displayed person is: </b></p>
    5: <ul>
    6:   <li><b>Introduction: </b> <%= @person.introduce %></li>
    7:   <li><b>Birth Year: </b> <%= @person.birth_year %></li>
    8:   <li><b>Nickname: </b> <%= @person.nickname %></li>
    9: </ul>
  app/views/pages/person.html.erb:6:in `_app_views_pages_person_html_erb__322043430_97872900'


  Rendered /home/vagrant/.rvm/gems/ruby-2.2.0/gems/actionpack-4.1.6/lib/action_dispatch/middleware/templates/rescues/_trace.html.erb (3.0ms)
  Rendered /home/vagrant/.rvm/gems/ruby-2.2.0/gems/actionpack-4.1.6/lib/action_dispatch/middleware/templates/rescues/_request_and_response.html.erb (1.8ms)
  Rendered /home/vagrant/.rvm/gems/ruby-2.2.0/gems/actionpack-4.1.6/lib/action_dispatch/middleware/templates/rescues/template_error.html.erb within rescues/layout (29.2ms)


Started PUT "/age" for 10.0.2.2 at 2015-02-21 09:22:38 +0000
Processing by PagesController#person as HTML
  Parameters: {"utf8"=>"✓", "authenticity_token"=>"x72HYaRWZkVOqOhxSLxnmBXMS5bwaEHesvlgVjmrgzk=", "name"=>"Japheth", "age"=>"12", "commit"=>"Submit!"}
  Rendered pages/person.html.erb within layouts/application (5.6ms)
Completed 500 Internal Server Error in 17ms

ActionView::Template::Error (String can't be coerced into Fixnum):
    4: <p><b>The displayed person is: </b></p>
    5: <ul>
    6:   <li><b>Introduction: </b> <%= @person.introduce %></li>
    7:   <li><b>Birth Year: </b> <%= @person.birth_year %></li>
    8:   <li><b>Nickname: </b> <%= @person.nickname %></li>
    9: </ul>
  app/controllers/concerns/person.rb:12:in `-'
  app/controllers/concerns/person.rb:12:in `birth_year'
  app/views/pages/person.html.erb:7:in `_app_views_pages_person_html_erb__322043430_97872900'


  Rendered /home/vagrant/.rvm/gems/ruby-2.2.0/gems/actionpack-4.1.6/lib/action_dispatch/middleware/templates/rescues/_trace.html.erb (3.1ms)
  Rendered /home/vagrant/.rvm/gems/ruby-2.2.0/gems/actionpack-4.1.6/lib/action_dispatch/middleware/templates/rescues/_request_and_response.html.erb (2.1ms)
  Rendered /home/vagrant/.rvm/gems/ruby-2.2.0/gems/actionpack-4.1.6/lib/action_dispatch/middleware/templates/rescues/template_error.html.erb within rescues/layout (34.2ms)


Started PUT "/age" for 10.0.2.2 at 2015-02-21 09:22:59 +0000
Processing by PagesController#person as HTML
  Parameters: {"utf8"=>"✓", "authenticity_token"=>"x72HYaRWZkVOqOhxSLxnmBXMS5bwaEHesvlgVjmrgzk=", "name"=>"Japheth", "age"=>"12", "commit"=>"Submit!"}
  Rendered pages/person.html.erb within layouts/application (5.3ms)
Completed 500 Internal Server Error in 13ms

ActionView::Template::Error (String can't be coerced into Fixnum):
    4: <p><b>The displayed person is: </b></p>
    5: <ul>
    6:   <li><b>Introduction: </b> <%= @person.introduce %></li>
    7:   <li><b>Birth Year: </b> <%= @person.birth_year.to_s %></li>
    8:   <li><b>Nickname: </b> <%= @person.nickname %></li>
    9: </ul>
  app/controllers/concerns/person.rb:12:in `-'
  app/controllers/concerns/person.rb:12:in `birth_year'
  app/views/pages/person.html.erb:7:in `_app_views_pages_person_html_erb__322043430_100394500'


  Rendered /home/vagrant/.rvm/gems/ruby-2.2.0/gems/actionpack-4.1.6/lib/action_dispatch/middleware/templates/rescues/_trace.html.erb (4.4ms)
  Rendered /home/vagrant/.rvm/gems/ruby-2.2.0/gems/actionpack-4.1.6/lib/action_dispatch/middleware/templates/rescues/_request_and_response.html.erb (2.8ms)
  Rendered /home/vagrant/.rvm/gems/ruby-2.2.0/gems/actionpack-4.1.6/lib/action_dispatch/middleware/templates/rescues/template_error.html.erb within rescues/layout (30.1ms)


Started PUT "/age" for 10.0.2.2 at 2015-02-21 09:23:48 +0000
Processing by PagesController#person as HTML
  Parameters: {"utf8"=>"✓", "authenticity_token"=>"x72HYaRWZkVOqOhxSLxnmBXMS5bwaEHesvlgVjmrgzk=", "name"=>"Japheth", "age"=>"22", "commit"=>"Submit!"}
  Rendered pages/person.html.erb within layouts/application (0.2ms)
Completed 200 OK in 103ms (Views: 96.2ms | ActiveRecord: 0.0ms)
